<?xml version="1.0" encoding="UTF-8"?>
<robot generator="Robot 6.1.1 (Python 3.10.12 on darwin)" generated="20240513 08:29:40.047" rpa="false" schemaversion="4">
<suite id="s1" name="Detail" source="/Users/thinhnguyen/Library/Mobile Documents/com~apple~CloudDocs/WS/CNCT/Testing/CK-2/5.detailsp/detail.robot">
<test id="s1-t1" name="Check if the product is on sale or not if getting information and vice versa" line="525">
<kw name="Open Browser" library="SeleniumLibrary">
<arg>${URL}</arg>
<arg>chrome</arg>
<doc>Opens a new browser instance to the optional ``url``.</doc>
<msg timestamp="20240513 08:29:40.434" level="INFO">Opening browser 'chrome' to base url 'https://automationteststore.com'.</msg>
<status status="PASS" starttime="20240513 08:29:40.433" endtime="20240513 08:29:58.328"/>
</kw>
<kw name="Maximize Browser Window" library="SeleniumLibrary">
<doc>Maximizes current browser window.</doc>
<status status="PASS" starttime="20240513 08:29:58.330" endtime="20240513 08:29:59.746"/>
</kw>
<kw name="Set Selenium Speed" library="SeleniumLibrary">
<arg>0.5</arg>
<doc>Sets the delay that is waited after each Selenium command.</doc>
<status status="PASS" starttime="20240513 08:29:59.747" endtime="20240513 08:29:59.747"/>
</kw>
<kw name="Go To" library="SeleniumLibrary">
<arg>${URL}</arg>
<doc>Navigates the current browser window to the provided ``url``.</doc>
<msg timestamp="20240513 08:29:59.749" level="INFO">Opening url 'https://automationteststore.com'</msg>
<status status="PASS" starttime="20240513 08:29:59.748" endtime="20240513 08:30:02.076"/>
</kw>
<kw name="Click Element" library="SeleniumLibrary">
<arg>xpath=//*[@id="filter_keyword"]</arg>
<doc>Click the element identified by ``locator``.</doc>
<msg timestamp="20240513 08:30:02.078" level="INFO">Clicking element 'xpath=//*[@id="filter_keyword"]'.</msg>
<status status="PASS" starttime="20240513 08:30:02.076" endtime="20240513 08:30:04.498"/>
</kw>
<kw name="Input Text" library="SeleniumLibrary">
<arg>id=filter_keyword</arg>
<arg>Absolue Eye Precious Cells</arg>
<doc>Types the given ``text`` into the text field identified by ``locator``.</doc>
<msg timestamp="20240513 08:30:04.500" level="INFO">Typing text 'Absolue Eye Precious Cells' into text field 'id=filter_keyword'.</msg>
<status status="PASS" starttime="20240513 08:30:04.499" endtime="20240513 08:30:07.628"/>
</kw>
<kw name="Click Element" library="SeleniumLibrary">
<arg>xpath=//*[@id="search_form"]/div/div</arg>
<doc>Click the element identified by ``locator``.</doc>
<msg timestamp="20240513 08:30:07.629" level="INFO">Clicking element 'xpath=//*[@id="search_form"]/div/div'.</msg>
<status status="PASS" starttime="20240513 08:30:07.628" endtime="20240513 08:30:10.755"/>
</kw>
<kw name="Click Element" library="SeleniumLibrary">
<arg>xpath=//*[@id="maincontainer"]/div/div/div/div/div[3]/div[2]/div[2]</arg>
<doc>Click the element identified by ``locator``.</doc>
<msg timestamp="20240513 08:30:10.757" level="INFO">Clicking element 'xpath=//*[@id="maincontainer"]/div/div/div/div/div[3]/div[2]/div[2]'.</msg>
<status status="PASS" starttime="20240513 08:30:10.756" endtime="20240513 08:30:13.761"/>
</kw>
<kw name="Wait Until Element Is Visible" library="SeleniumLibrary">
<arg>xpath=//*[@id="maincontainer"]/div/div/div/div</arg>
<doc>Waits until the element ``locator`` is visible.</doc>
<status status="PASS" starttime="20240513 08:30:13.762" endtime="20240513 08:30:14.878"/>
</kw>
<kw name="Get Text" library="SeleniumLibrary">
<var>${Get_infor}</var>
<arg>xpath=//*[@id="product_details"]/div/div[2]</arg>
<doc>Returns the text value of the element identified by ``locator``.</doc>
<msg timestamp="20240513 08:30:16.591" level="INFO">${Get_infor} = Absolue Eye Precious Cells
$89.00 $105.00
Qty:
Total Price:   $89.00
Add to Cart Print</msg>
<status status="PASS" starttime="20240513 08:30:14.879" endtime="20240513 08:30:16.591"/>
</kw>
<kw name="Get Text" library="SeleniumLibrary">
<var>${productpageoldprice}</var>
<arg>xpath=//*[@id="product_details"]/div/div[2]/div/div/div[1]/div/span</arg>
<doc>Returns the text value of the element identified by ``locator``.</doc>
<msg timestamp="20240513 08:30:17.852" level="INFO">${productpageoldprice} = $105.00</msg>
<status status="PASS" starttime="20240513 08:30:16.592" endtime="20240513 08:30:17.852"/>
</kw>
<kw name="Get Text" library="SeleniumLibrary">
<var>${productfilneprice}</var>
<arg>xpath=//*[@id="product_details"]/div/div[2]/div/div/div[1]/div/div</arg>
<doc>Returns the text value of the element identified by ``locator``.</doc>
<msg timestamp="20240513 08:30:18.954" level="INFO">${productfilneprice} = $89.00</msg>
<status status="PASS" starttime="20240513 08:30:17.853" endtime="20240513 08:30:18.955"/>
</kw>
<kw name="Set Variable" library="BuiltIn">
<var>${productpageoldprice}</var>
<arg>${productpageoldprice}[1:]</arg>
<doc>Returns the given values which can then be assigned to a variables.</doc>
<msg timestamp="20240513 08:30:18.957" level="INFO">${productpageoldprice} = 105.00</msg>
<status status="PASS" starttime="20240513 08:30:18.956" endtime="20240513 08:30:18.958"/>
</kw>
<kw name="Set Variable" library="BuiltIn">
<var>${productfilneprice}</var>
<arg>${productfilneprice}[1:]</arg>
<doc>Returns the given values which can then be assigned to a variables.</doc>
<msg timestamp="20240513 08:30:18.960" level="INFO">${productfilneprice} = 89.00</msg>
<status status="PASS" starttime="20240513 08:30:18.959" endtime="20240513 08:30:18.961"/>
</kw>
<kw name="Convert To Number" library="BuiltIn">
<var>${productpageoldprice}</var>
<arg>${productpageoldprice}</arg>
<doc>Converts the given item to a floating point number.</doc>
<msg timestamp="20240513 08:30:18.963" level="INFO">${productpageoldprice} = 105.0</msg>
<status status="PASS" starttime="20240513 08:30:18.962" endtime="20240513 08:30:18.964"/>
</kw>
<kw name="Convert To Number" library="BuiltIn">
<var>${productfilneprice}</var>
<arg>${productfilneprice}</arg>
<doc>Converts the given item to a floating point number.</doc>
<msg timestamp="20240513 08:30:18.966" level="INFO">${productfilneprice} = 89.0</msg>
<status status="PASS" starttime="20240513 08:30:18.965" endtime="20240513 08:30:18.966"/>
</kw>
<kw name="Run Keyword If" library="BuiltIn">
<arg>${productpageoldprice} &gt; ${productfilneprice}</arg>
<arg>Log</arg>
<arg>Giá sản phẩm đã thay đổi !!! giá cũ lớn hơn giá mới, tức là sản phẩm này là sản phẩm giảm giá</arg>
<arg>ELSE</arg>
<arg>Log</arg>
<arg>mơ đi</arg>
<doc>Runs the given keyword with the given arguments, if ``condition`` is true.</doc>
<kw name="Log" library="BuiltIn">
<arg>Giá sản phẩm đã thay đổi !!! giá cũ lớn hơn giá mới, tức là sản phẩm này là sản phẩm giảm giá</arg>
<doc>Logs the given message with the given level.</doc>
<msg timestamp="20240513 08:30:18.970" level="INFO">Giá sản phẩm đã thay đổi !!! giá cũ lớn hơn giá mới, tức là sản phẩm này là sản phẩm giảm giá</msg>
<status status="PASS" starttime="20240513 08:30:18.970" endtime="20240513 08:30:18.971"/>
</kw>
<status status="PASS" starttime="20240513 08:30:18.967" endtime="20240513 08:30:18.972"/>
</kw>
<doc>Kiểm tra xem sản phẩm đang giảm giá hay không nếu lấy thông tin và ngược lại</doc>
<status status="PASS" starttime="20240513 08:29:40.432" endtime="20240513 08:30:18.973"/>
</test>
<status status="PASS" starttime="20240513 08:29:40.054" endtime="20240513 08:30:18.975"/>
</suite>
<statistics>
<total>
<stat pass="1" fail="0" skip="0">All Tests</stat>
</total>
<tag>
</tag>
<suite>
<stat pass="1" fail="0" skip="0" id="s1" name="Detail">Detail</stat>
</suite>
</statistics>
<errors>
</errors>
</robot>
