<?xml version="1.0" encoding="UTF-8"?>
<robot generator="Robot 6.1.1 (Python 3.10.12 on darwin)" generated="20240510 02:10:26.942" rpa="false" schemaversion="4">
<suite id="s1" name="Search" source="/Users/thinhnguyen/Library/Mobile Documents/com~apple~CloudDocs/WS/CNCT/Testing/CK-2/4.search/search.robot">
<test id="s1-t1" name="Kiểm tra tính không phân biệt chữ hoa chữ thường trong truy vấn tìm kiếm" line="234">
<kw name="Open Browser" library="SeleniumLibrary">
<arg>${URL}</arg>
<arg>chrome</arg>
<doc>Opens a new browser instance to the optional ``url``.</doc>
<msg timestamp="20240510 02:10:27.211" level="INFO">Opening browser 'chrome' to base url 'https://automationteststore.com'.</msg>
<status status="PASS" starttime="20240510 02:10:27.211" endtime="20240510 02:10:49.322"/>
</kw>
<kw name="Maximize Browser Window" library="SeleniumLibrary">
<doc>Maximizes current browser window.</doc>
<status status="PASS" starttime="20240510 02:10:49.323" endtime="20240510 02:10:50.066"/>
</kw>
<kw name="Set Selenium Speed" library="SeleniumLibrary">
<arg>0.5</arg>
<doc>Sets the delay that is waited after each Selenium command.</doc>
<status status="PASS" starttime="20240510 02:10:50.067" endtime="20240510 02:10:50.068"/>
</kw>
<kw name="Go To" library="SeleniumLibrary">
<arg>${URL}</arg>
<doc>Navigates the current browser window to the provided ``url``.</doc>
<msg timestamp="20240510 02:10:50.069" level="INFO">Opening url 'https://automationteststore.com'</msg>
<status status="PASS" starttime="20240510 02:10:50.068" endtime="20240510 02:10:52.246"/>
</kw>
<kw name="Convert To Lower Case" library="String">
<var>${search_keyword_lower}</var>
<arg>${search_keyword_low}</arg>
<doc>Converts string to lower case.</doc>
<msg timestamp="20240510 02:10:52.247" level="INFO">${search_keyword_lower} = acqua di gio pour homme</msg>
<status status="PASS" starttime="20240510 02:10:52.247" endtime="20240510 02:10:52.247"/>
</kw>
<kw name="Input Text" library="SeleniumLibrary">
<arg>id=filter_keyword</arg>
<arg>${search_keyword_lower}</arg>
<doc>Types the given ``text`` into the text field identified by ``locator``.</doc>
<msg timestamp="20240510 02:10:52.248" level="INFO">Typing text 'acqua di gio pour homme' into text field 'id=filter_keyword'.</msg>
<status status="PASS" starttime="20240510 02:10:52.247" endtime="20240510 02:10:55.017"/>
</kw>
<kw name="Log" library="BuiltIn">
<arg>lấy ra giá trị của biến lower: ${search_keyword_lower}</arg>
<doc>Logs the given message with the given level.</doc>
<msg timestamp="20240510 02:10:55.018" level="INFO">lấy ra giá trị của biến lower: acqua di gio pour homme</msg>
<status status="PASS" starttime="20240510 02:10:55.018" endtime="20240510 02:10:55.018"/>
</kw>
<kw name="Click Element" library="SeleniumLibrary">
<arg>xpath=//*[@id="search_form"]/div/div</arg>
<doc>Click the element identified by ``locator``.</doc>
<msg timestamp="20240510 02:10:55.019" level="INFO">Clicking element 'xpath=//*[@id="search_form"]/div/div'.</msg>
<status status="PASS" starttime="20240510 02:10:55.018" endtime="20240510 02:10:59.708"/>
</kw>
<kw name="Wait Until Element Is Visible" library="SeleniumLibrary">
<arg>xpath=//*[@id="product_details"]/div/div[1]</arg>
<doc>Waits until the element ``locator`` is visible.</doc>
<status status="PASS" starttime="20240510 02:10:59.708" endtime="20240510 02:11:00.818"/>
</kw>
<kw name="Get Text" library="SeleniumLibrary">
<var>${search_input_value}</var>
<arg>xpath=//*[@id="product_details"]/div/div[2]</arg>
<doc>Returns the text value of the element identified by ``locator``.</doc>
<msg timestamp="20240510 02:11:02.415" level="INFO">${search_input_value} = Acqua Di Gio Pour Homme
$45.00 $59.00
Fragrance Size
   1.7 oz
   3.4 oz $25.00
   6.7 oz $45.00
  Qty:
Total Price:   $45.00
Out of Stock Print</msg>
<status status="PASS" starttime="20240510 02:11:00.818" endtime="20240510 02:11:02.415"/>
</kw>
<kw name="Convert To Lower Case" library="String">
<var>${search_keyword_upper}</var>
<arg>${expected_result}</arg>
<doc>Converts string to lower case.</doc>
<msg timestamp="20240510 02:11:02.416" level="INFO">${search_keyword_upper} = acqua di gio pour homme</msg>
<status status="PASS" starttime="20240510 02:11:02.416" endtime="20240510 02:11:02.416"/>
</kw>
<kw name="Input Text" library="SeleniumLibrary">
<arg>id=filter_keyword</arg>
<arg>${expected_result}</arg>
<doc>Types the given ``text`` into the text field identified by ``locator``.</doc>
<msg timestamp="20240510 02:11:02.417" level="INFO">Typing text 'ACQUA DI GIO POUR HOMME' into text field 'id=filter_keyword'.</msg>
<status status="PASS" starttime="20240510 02:11:02.417" endtime="20240510 02:11:04.491"/>
</kw>
<kw name="Log" library="BuiltIn">
<arg>lấy ra giá trị của biến upper: ${expected_result}</arg>
<doc>Logs the given message with the given level.</doc>
<msg timestamp="20240510 02:11:04.492" level="INFO">lấy ra giá trị của biến upper: ACQUA DI GIO POUR HOMME</msg>
<status status="PASS" starttime="20240510 02:11:04.492" endtime="20240510 02:11:04.493"/>
</kw>
<kw name="Click Element" library="SeleniumLibrary">
<arg>xpath=//*[@id="search_form"]/div/div</arg>
<doc>Click the element identified by ``locator``.</doc>
<msg timestamp="20240510 02:11:04.494" level="INFO">Clicking element 'xpath=//*[@id="search_form"]/div/div'.</msg>
<status status="PASS" starttime="20240510 02:11:04.493" endtime="20240510 02:11:07.755"/>
</kw>
<kw name="Wait Until Element Is Visible" library="SeleniumLibrary">
<arg>xpath=//*[@id="product_details"]/div/div[1]</arg>
<doc>Waits until the element ``locator`` is visible.</doc>
<status status="PASS" starttime="20240510 02:11:07.756" endtime="20240510 02:11:08.908"/>
</kw>
<kw name="Get Text" library="SeleniumLibrary">
<var>${search_input_value}</var>
<arg>xpath=//*[@id="product_details"]/div/div[2]</arg>
<doc>Returns the text value of the element identified by ``locator``.</doc>
<msg timestamp="20240510 02:11:10.287" level="INFO">${search_input_value} = Acqua Di Gio Pour Homme
$45.00 $59.00
Fragrance Size
   1.7 oz
   3.4 oz $25.00
   6.7 oz $45.00
  Qty:
Total Price:   $45.00
Out of Stock Print</msg>
<status status="PASS" starttime="20240510 02:11:08.909" endtime="20240510 02:11:10.287"/>
</kw>
<kw name="Log" library="BuiltIn">
<arg>so sánh giá trị của lower và upper</arg>
<doc>Logs the given message with the given level.</doc>
<msg timestamp="20240510 02:11:10.288" level="INFO">so sánh giá trị của lower và upper</msg>
<status status="PASS" starttime="20240510 02:11:10.287" endtime="20240510 02:11:10.288"/>
</kw>
<kw name="Log" library="BuiltIn">
<arg>${search_keyword_lower}</arg>
<doc>Logs the given message with the given level.</doc>
<msg timestamp="20240510 02:11:10.288" level="INFO">acqua di gio pour homme</msg>
<status status="PASS" starttime="20240510 02:11:10.288" endtime="20240510 02:11:10.289"/>
</kw>
<kw name="Log" library="BuiltIn">
<arg>${expected_result}</arg>
<doc>Logs the given message with the given level.</doc>
<msg timestamp="20240510 02:11:10.289" level="INFO">ACQUA DI GIO POUR HOMME</msg>
<status status="PASS" starttime="20240510 02:11:10.289" endtime="20240510 02:11:10.289"/>
</kw>
<kw name="Run Keyword If" library="BuiltIn">
<arg>'${search_keyword_lower}' != '${expected_result}'</arg>
<arg>Log</arg>
<arg>Kết quả tìm kiếm chứa từ khóa không phân biệt chữ hoa chữ thường</arg>
<doc>Runs the given keyword with the given arguments, if ``condition`` is true.</doc>
<kw name="Log" library="BuiltIn">
<arg>Kết quả tìm kiếm chứa từ khóa không phân biệt chữ hoa chữ thường</arg>
<doc>Logs the given message with the given level.</doc>
<msg timestamp="20240510 02:11:10.290" level="INFO">Kết quả tìm kiếm chứa từ khóa không phân biệt chữ hoa chữ thường</msg>
<status status="PASS" starttime="20240510 02:11:10.290" endtime="20240510 02:11:10.290"/>
</kw>
<status status="PASS" starttime="20240510 02:11:10.290" endtime="20240510 02:11:10.291"/>
</kw>
<doc>Kiểm tra tính không phân biệt chữ hoa chữ thường trong truy vấn tìm kiếm</doc>
<status status="PASS" starttime="20240510 02:10:27.210" endtime="20240510 02:11:10.291"/>
</test>
<status status="PASS" starttime="20240510 02:10:26.947" endtime="20240510 02:11:10.292"/>
</suite>
<statistics>
<total>
<stat pass="1" fail="0" skip="0">All Tests</stat>
</total>
<tag>
</tag>
<suite>
<stat pass="1" fail="0" skip="0" id="s1" name="Search">Search</stat>
</suite>
</statistics>
<errors>
</errors>
</robot>
