<?xml version="1.0" encoding="UTF-8"?>
<robot generator="Robot 6.1.1 (Python 3.10.12 on darwin)" generated="20240510 02:57:55.276" rpa="false" schemaversion="4">
<suite id="s1" name="Search" source="/Users/thinhnguyen/Library/Mobile Documents/com~apple~CloudDocs/WS/CNCT/Testing/CK-2/4.search/search.robot">
<test id="s1-t1" name="Xác minh nút &quot;enter&quot; trong bộ lọc tìm kiếm hoạt động" line="381">
<kw name="Open Browser" library="SeleniumLibrary">
<arg>${URL}</arg>
<arg>chrome</arg>
<doc>Opens a new browser instance to the optional ``url``.</doc>
<msg timestamp="20240510 02:57:55.533" level="INFO">Opening browser 'chrome' to base url 'https://automationteststore.com'.</msg>
<status status="PASS" starttime="20240510 02:57:55.533" endtime="20240510 02:58:10.222"/>
</kw>
<kw name="Maximize Browser Window" library="SeleniumLibrary">
<doc>Maximizes current browser window.</doc>
<status status="PASS" starttime="20240510 02:58:10.224" endtime="20240510 02:58:11.209"/>
</kw>
<kw name="Go To" library="SeleniumLibrary">
<arg>${URL}</arg>
<doc>Navigates the current browser window to the provided ``url``.</doc>
<msg timestamp="20240510 02:58:11.210" level="INFO">Opening url 'https://automationteststore.com'</msg>
<status status="PASS" starttime="20240510 02:58:11.209" endtime="20240510 02:58:12.717"/>
</kw>
<kw name="Input Text" library="SeleniumLibrary">
<arg>id=filter_keyword</arg>
<arg>${expected_result}</arg>
<doc>Types the given ``text`` into the text field identified by ``locator``.</doc>
<msg timestamp="20240510 02:58:12.720" level="INFO">Typing text 'ACQUA DI GIO POUR HOMME' into text field 'id=filter_keyword'.</msg>
<status status="PASS" starttime="20240510 02:58:12.718" endtime="20240510 02:58:14.177"/>
</kw>
<kw name="Press Keys" library="SeleniumLibrary">
<arg>id=filter_keyword</arg>
<arg>\\13</arg>
<doc>Simulates the user pressing key(s) to an element or on the active browser.</doc>
<msg timestamp="20240510 02:58:14.178" level="INFO">Sending key(s) ('\\13',) to id=filter_keyword element.</msg>
<msg timestamp="20240510 02:58:15.113" level="INFO">Sending keys \13</msg>
<status status="PASS" starttime="20240510 02:58:14.177" endtime="20240510 02:58:15.217"/>
</kw>
<kw name="Wait Until Element Is Visible" library="SeleniumLibrary">
<arg>xpath=//*[@id="maincontainer"]/div/div/div/div</arg>
<doc>Waits until the element ``locator`` is visible.</doc>
<msg timestamp="20240510 02:58:20.568" level="INFO" html="true">&lt;/td&gt;&lt;/tr&gt;&lt;tr&gt;&lt;td colspan="3"&gt;&lt;a href="selenium-screenshot-17.png"&gt;&lt;img src="selenium-screenshot-17.png" width="800px"&gt;&lt;/a&gt;</msg>
<msg timestamp="20240510 02:58:20.568" level="FAIL">Element 'xpath=//*[@id="maincontainer"]/div/div/div/div' not visible after 5 seconds.</msg>
<status status="FAIL" starttime="20240510 02:58:15.218" endtime="20240510 02:58:20.571"/>
</kw>
<kw name="Get Text" library="SeleniumLibrary">
<var>${search_input_value}</var>
<arg>xpath=//*[@id="maincontainer"]/div/div/div/div/div[3]</arg>
<doc>Returns the text value of the element identified by ``locator``.</doc>
<status status="NOT RUN" starttime="20240510 02:58:20.572" endtime="20240510 02:58:20.572"/>
</kw>
<kw name="Get WebElements" library="SeleniumLibrary">
<var>${product_elements}</var>
<arg>xpath=//*[@id="maincontainer"]/div/div/div/div/div[3]/div[*]</arg>
<doc>Returns a list of WebElement objects matching the ``locator``.</doc>
<status status="NOT RUN" starttime="20240510 02:58:20.573" endtime="20240510 02:58:20.573"/>
</kw>
<kw name="Get Length" library="BuiltIn">
<var>${number_of_products}</var>
<arg>${product_elements}</arg>
<doc>Returns and logs the length of the given item as an integer.</doc>
<status status="NOT RUN" starttime="20240510 02:58:20.573" endtime="20240510 02:58:20.573"/>
</kw>
<kw name="Should Be Equal As Numbers" library="BuiltIn">
<arg>${number_of_products}</arg>
<arg>2.0</arg>
<doc>Fails if objects are unequal after converting them to real numbers.</doc>
<status status="NOT RUN" starttime="20240510 02:58:20.574" endtime="20240510 02:58:20.574"/>
</kw>
<doc>Xác minh rằng nhấn phím "Enter" trong trường tìm kiếm hoạt động</doc>
<status status="FAIL" starttime="20240510 02:57:55.532" endtime="20240510 02:58:20.574">Element 'xpath=//*[@id="maincontainer"]/div/div/div/div' not visible after 5 seconds.</status>
</test>
<status status="FAIL" starttime="20240510 02:57:55.280" endtime="20240510 02:58:20.576"/>
</suite>
<statistics>
<total>
<stat pass="0" fail="1" skip="0">All Tests</stat>
</total>
<tag>
</tag>
<suite>
<stat pass="0" fail="1" skip="0" id="s1" name="Search">Search</stat>
</suite>
</statistics>
<errors>
</errors>
</robot>
